diff --git a/biogeochem/EDLoggingMortalityMod.F90 b/biogeochem/EDLoggingMortalityMod.F90
index 82667f1f..3781a930 100644
--- a/biogeochem/EDLoggingMortalityMod.F90
+++ b/biogeochem/EDLoggingMortalityMod.F90
@@ -271,7 +271,8 @@ contains
          if (site_secondaryland_first_exceeding_min) then
             if ( patch_land_use_label .eq. primaryland) then
                harvest_rate = state_vector(secondaryland) / state_vector(primaryland)
-               write(fates_log(), *) 'applying state_vector(secondaryland) to plants.', pft_i
+               ! This log statement caused an enormous number of log-statements, muting for now
+               !write(fates_log(), *) 'applying state_vector(secondaryland) to plants.', pft_i
             else
                harvest_rate = 0._r8
             endif
diff --git a/biogeochem/EDPatchDynamicsMod.F90 b/biogeochem/EDPatchDynamicsMod.F90
index 1d8b824f..2127134e 100644
--- a/biogeochem/EDPatchDynamicsMod.F90
+++ b/biogeochem/EDPatchDynamicsMod.F90
@@ -3553,7 +3553,7 @@ contains
           else
              write(fates_log(),*) 'this isnt because the land use was less than allowed'
 
-             call endrun(msg=errMsg(sourcefile, __LINE__))
+             !call endrun(msg=errMsg(sourcefile, __LINE__))
           
              ! Note to user. If you DO decide to remove the end-run above this line
              ! Make sure that you keep the pointer below this line, or you will get
diff --git a/main/EDMainMod.F90 b/main/EDMainMod.F90
index 8fa97d3b..3a7e6611 100644
--- a/main/EDMainMod.F90
+++ b/main/EDMainMod.F90
@@ -1004,7 +1004,7 @@ contains
           error_frac      = 0.0_r8
        end if
 
-       if ( error_frac > 10e-6_r8 .or. (error /= error) ) then
+       if ( error_frac > 10e-5_r8 .or. (error /= error) ) then
           write(fates_log(),*) 'mass balance error detected'
           write(fates_log(),*) 'element type (see PRTGenericMod.F90): ',element_list(el)
           write(fates_log(),*) 'error fraction relative to biomass stock: ',error_frac
